[21:41:26.101] INFO  - found 5 resource directories, enumerating through
[21:41:26.104] INFO  - searching for mcfg file in core
[21:41:26.118] INFO  - No config file found in core, skipping loading
[21:41:26.118] INFO  - searching for mcfg file in playground
[21:41:26.118] INFO  - No config file found in playground, skipping loading
[21:41:26.118] INFO  - searching for mcfg file in features
[21:41:26.119] INFO  - No config file found in features, skipping loading
[21:41:26.119] INFO  - searching for mcfg file in META-INF
[21:41:26.119] INFO  - No config file found in META-INF, skipping loading
[21:41:26.119] INFO  - searching for mcfg file in modules
[21:41:26.119] INFO  - No config file found in modules, skipping loading
[21:41:26.123] ERROR - ERROR: java.lang.IllegalStateException: javaClass.getResource("/reports") must not be null
[22:26:12.429] INFO  - found 5 resource directories, enumerating through
[22:26:12.432] INFO  - searching for mcfg file in core
[22:26:12.442] INFO  - No config file found in core, skipping loading
[22:26:12.442] INFO  - searching for mcfg file in playground
[22:26:12.442] INFO  - No config file found in playground, skipping loading
[22:26:12.442] INFO  - searching for mcfg file in features
[22:26:12.443] INFO  - No config file found in features, skipping loading
[22:26:12.443] INFO  - searching for mcfg file in META-INF
[22:26:12.443] INFO  - No config file found in META-INF, skipping loading
[22:26:12.443] INFO  - searching for mcfg file in modules
[22:26:12.443] INFO  - No config file found in modules, skipping loading
[22:26:12.446] ERROR - ERROR: java.lang.IllegalStateException: javaClass.getResource("/reports") must not be null
[22:28:08.208] INFO  - found 5 resource directories, enumerating through
[22:28:08.210] INFO  - searching for mcfg file in core
[22:28:08.220] INFO  - No config file found in core, skipping loading
[22:28:08.220] INFO  - searching for mcfg file in playground
[22:28:08.220] INFO  - No config file found in playground, skipping loading
[22:28:08.220] INFO  - searching for mcfg file in features
[22:28:08.220] INFO  - No config file found in features, skipping loading
[22:28:08.220] INFO  - searching for mcfg file in META-INF
[22:28:08.221] INFO  - No config file found in META-INF, skipping loading
[22:28:08.221] INFO  - searching for mcfg file in modules
[22:28:08.221] INFO  - No config file found in modules, skipping loading
[22:28:08.223] ERROR - ERROR: java.lang.IllegalStateException: javaClass.getResource("/reports") must not be null
[22:37:26.941] DEBUG - initializeTransferSyntax: uid=null tryMeta=true
[22:37:26.945] DEBUG - initializeTransferSyntax: looking for preamble
[22:37:26.945] DEBUG - initializeTransferSyntax: detected DICM
[22:37:26.945] DEBUG - initializeTransferSyntax: trying to guess TransferSyntaxToReadMetaHeader
[22:37:26.946] DEBUG - initializeTransferSyntax: TransferSyntaxToReadMetaHeader=1.2.840.10008.1.2.1
[22:37:26.946] DEBUG - initializeTransferSyntax: TransferSyntaxToReadDataSet=null
[22:37:26.946] DEBUG - initializeTransferSyntax: TransferSyntaxInUse=1.2.840.10008.1.2.1
[22:37:27.589] DEBUG - initializeTransferSyntax: uid=null tryMeta=true
[22:37:27.589] DEBUG - initializeTransferSyntax: looking for preamble
[22:37:27.589] DEBUG - initializeTransferSyntax: detected DICM
[22:37:27.589] DEBUG - initializeTransferSyntax: trying to guess TransferSyntaxToReadMetaHeader
[22:37:27.589] DEBUG - initializeTransferSyntax: TransferSyntaxToReadMetaHeader=1.2.840.10008.1.2.1
[22:37:27.590] DEBUG - initializeTransferSyntax: TransferSyntaxToReadDataSet=null
[22:37:27.590] DEBUG - initializeTransferSyntax: TransferSyntaxInUse=1.2.840.10008.1.2.1
[22:37:27.617] DEBUG - constructSourceImage(): start
[22:37:27.617] DEBUG - constructSourceImage(): width=256
[22:37:27.618] DEBUG - constructSourceImage(): height=256
[22:37:27.618] DEBUG - constructSourceImage(): depth=8
[22:37:27.618] DEBUG - constructSourceImage(): samples=1
[22:37:27.618] DEBUG - constructSourceImage(): byplane=false
[22:37:27.618] DEBUG - constructSourceImage(): nframes=16
[22:37:27.618] DEBUG - constructSourceImage(): stored=8
[22:37:27.618] DEBUG - constructSourceImage(): signed=false
[22:37:27.618] DEBUG - constructSourceImage(): vPhotometricInterpretation=MONOCHROME2
[22:37:27.618] DEBUG - constructSourceImage(): inverted=false
[22:37:27.618] DEBUG - constructSourceImage(): isGrayscale=true
[22:37:27.618] DEBUG - constructSourceImage(): isPaletteColor=false
[22:37:27.618] DEBUG - constructSourceImage(): isYBR=false
[22:37:27.619] DEBUG - constructSourceImage(): largestGray=65535
[22:37:28.886] DEBUG - constructSourceImage(): No top level ICC Profile so check first item of OpticalPathSequence
[22:37:28.886] DEBUG - constructSourceImage(): Using sRGB as source color space
[22:37:28.886] DEBUG - constructSourceImage(): isChrominanceHorizontallyDownsampledBy2=false
[22:37:28.886] DEBUG - constructSourceImage(): nframesamples=65536
[22:37:28.886] DEBUG - constructSourceImage(): isGrayscale=true
[22:37:28.886] DEBUG - constructSourceImage(): samples=1
[22:37:28.886] DEBUG - constructSourceImage(): depth=8
[22:37:28.886] DEBUG - constructSourceImage(): stored=8
[22:37:28.887] DEBUG - constructSourceImage(): grayscale or palette color <= 8 bits
[22:37:28.887] DEBUG - constructSourceImage(): PixelData class is class com.pixelmed.dicom.OtherByteAttribute
[22:37:28.887] DEBUG - constructSourceImage(): contiguous byte array
[22:37:28.887] DEBUG - UnsignedByteGrayscaleBufferedImageSource():
[22:37:28.888] DEBUG - constructSourceImage(): imgMin=255.0
[22:37:28.889] DEBUG - constructSourceImage(): imgMax=0.0
[22:37:28.891] DEBUG - constructSourceImage(): realWorldValueTransform=RealWorldValueTransforms:

[22:37:28.895] DEBUG - constructSourceImage(): backgroundValue=0
[22:37:28.895] DEBUG - constructSourceImage(): constructSourceImage - end
[22:37:28.895] DEBUG - getBufferedImage(): from bufferedImageSource - frame 0
[22:37:28.896] DEBUG - BufferedImageSource.getBufferedImage(): index=0
[22:37:28.896] DEBUG - BufferedImageSource.getBufferedImage(): cachedIndex=-1
[22:37:28.896] DEBUG - UnsignedByteGrayscaleBufferedImageSource.getUncachedBufferedImage(): index=0
[22:37:28.896] DEBUG - UnsignedByteGrayscaleBufferedImageSource.getUncachedBufferedImage(): getting frame 0 from contiguous byte allocated memory for all frames
[22:37:28.900] DEBUG - createByteGrayscaleImage
[22:37:28.910] DEBUG - BufferedImageSource.getBufferedImage(): getUncachedBufferedImage(0) returns 
[22:37:28.912] DEBUG - applyWindowCenterAndWidthLinear(): center=126.0 width=252.0
[22:37:28.912] DEBUG - applyWindowCenterAndWidthLinear(): useExactCalculationInsteadOfDICOMStandardMethod=false
[22:37:28.912] DEBUG - applyWindowCenterAndWidthLinear(): yrange=255.0
[22:37:28.913] DEBUG - applyWindowCenterAndWidthLinear(): cmp5=125.5
[22:37:28.913] DEBUG - applyWindowCenterAndWidthLinear(): wm1=251.0
[22:37:28.913] DEBUG - applyWindowCenterAndWidthLinear(): halfwm1=125.5
[22:37:28.913] DEBUG - applyWindowCenterAndWidthLinear(): bottom=0.0
[22:37:28.913] DEBUG - applyWindowCenterAndWidthLinear(): top=251.0
[22:37:28.913] DEBUG - applyWindowCenterAndWidthLinear(): bottom=0.0 top=251.0
[22:37:28.913] DEBUG - applyWindowCenterAndWidthLinear(): Data type 0
[22:37:28.913] DEBUG - applyWindowCenterAndWidthLinear(): Data type is byte and signed is false
[22:37:28.933] DEBUG - applyWindowCenterAndWidthLinear(): BufferedImage out of LookupOpBufferedImage@14555e0a: type = 10 ColorModel: #pixelBits = 8 numComponents = 1 color space = java.awt.color.ICC_ColorSpace@e15b7e8 transparency = 1 has alpha = false isAlphaPre = false ByteInterleavedRaster: width = 256 height = 256 #numDataElements 1 dataOff[0] = 0
[22:37:28.989] DEBUG - getBufferedImage(): from bufferedImageSource - frame 1
[22:37:28.990] DEBUG - BufferedImageSource.getBufferedImage(): index=1
[22:37:28.990] DEBUG - BufferedImageSource.getBufferedImage(): cachedIndex=0
[22:37:28.990] DEBUG - UnsignedByteGrayscaleBufferedImageSource.getUncachedBufferedImage(): index=1
[22:37:28.990] DEBUG - UnsignedByteGrayscaleBufferedImageSource.getUncachedBufferedImage(): getting frame 1 from contiguous byte allocated memory for all frames
[22:37:28.991] DEBUG - createByteGrayscaleImage
[22:37:28.991] DEBUG - BufferedImageSource.getBufferedImage(): getUncachedBufferedImage(1) returns 
[22:37:28.991] DEBUG - applyWindowCenterAndWidthLinear(): center=126.0 width=252.0
[22:37:28.992] DEBUG - applyWindowCenterAndWidthLinear(): useExactCalculationInsteadOfDICOMStandardMethod=false
[22:37:28.992] DEBUG - applyWindowCenterAndWidthLinear(): yrange=255.0
[22:37:28.992] DEBUG - applyWindowCenterAndWidthLinear(): cmp5=125.5
[22:37:28.992] DEBUG - applyWindowCenterAndWidthLinear(): wm1=251.0
[22:37:28.992] DEBUG - applyWindowCenterAndWidthLinear(): halfwm1=125.5
[22:37:28.992] DEBUG - applyWindowCenterAndWidthLinear(): bottom=0.0
[22:37:28.992] DEBUG - applyWindowCenterAndWidthLinear(): top=251.0
[22:37:28.992] DEBUG - applyWindowCenterAndWidthLinear(): bottom=0.0 top=251.0
[22:37:28.992] DEBUG - applyWindowCenterAndWidthLinear(): Data type 0
[22:37:28.992] DEBUG - applyWindowCenterAndWidthLinear(): Data type is byte and signed is false
[22:37:28.994] DEBUG - applyWindowCenterAndWidthLinear(): BufferedImage out of LookupOpBufferedImage@957e06: type = 10 ColorModel: #pixelBits = 8 numComponents = 1 color space = java.awt.color.ICC_ColorSpace@e15b7e8 transparency = 1 has alpha = false isAlphaPre = false ByteInterleavedRaster: width = 256 height = 256 #numDataElements 1 dataOff[0] = 0
[22:37:28.994] DEBUG - getBufferedImage(): from bufferedImageSource - frame 2
[22:37:28.995] DEBUG - BufferedImageSource.getBufferedImage(): index=2
[22:37:28.995] DEBUG - BufferedImageSource.getBufferedImage(): cachedIndex=1
[22:37:28.995] DEBUG - UnsignedByteGrayscaleBufferedImageSource.getUncachedBufferedImage(): index=2
[22:37:28.995] DEBUG - UnsignedByteGrayscaleBufferedImageSource.getUncachedBufferedImage(): getting frame 2 from contiguous byte allocated memory for all frames
[22:37:28.997] DEBUG - createByteGrayscaleImage
[22:37:28.997] DEBUG - BufferedImageSource.getBufferedImage(): getUncachedBufferedImage(2) returns 
[22:37:28.997] DEBUG - applyWindowCenterAndWidthLinear(): center=126.0 width=252.0
[22:37:28.997] DEBUG - applyWindowCenterAndWidthLinear(): useExactCalculationInsteadOfDICOMStandardMethod=false
[22:37:28.997] DEBUG - applyWindowCenterAndWidthLinear(): yrange=255.0
[22:37:28.997] DEBUG - applyWindowCenterAndWidthLinear(): cmp5=125.5
[22:37:28.997] DEBUG - applyWindowCenterAndWidthLinear(): wm1=251.0
[22:37:28.997] DEBUG - applyWindowCenterAndWidthLinear(): halfwm1=125.5
[22:37:28.997] DEBUG - applyWindowCenterAndWidthLinear(): bottom=0.0
[22:37:28.997] DEBUG - applyWindowCenterAndWidthLinear(): top=251.0
[22:37:28.997] DEBUG - applyWindowCenterAndWidthLinear(): bottom=0.0 top=251.0
[22:37:28.997] DEBUG - applyWindowCenterAndWidthLinear(): Data type 0
[22:37:28.997] DEBUG - applyWindowCenterAndWidthLinear(): Data type is byte and signed is false
[22:37:29.001] DEBUG - applyWindowCenterAndWidthLinear(): BufferedImage out of LookupOpBufferedImage@32502377: type = 10 ColorModel: #pixelBits = 8 numComponents = 1 color space = java.awt.color.ICC_ColorSpace@e15b7e8 transparency = 1 has alpha = false isAlphaPre = false ByteInterleavedRaster: width = 256 height = 256 #numDataElements 1 dataOff[0] = 0
[22:37:29.001] DEBUG - getBufferedImage(): from bufferedImageSource - frame 3
[22:37:29.001] DEBUG - BufferedImageSource.getBufferedImage(): index=3
[22:37:29.001] DEBUG - BufferedImageSource.getBufferedImage(): cachedIndex=2
[22:37:29.001] DEBUG - UnsignedByteGrayscaleBufferedImageSource.getUncachedBufferedImage(): index=3
[22:37:29.001] DEBUG - UnsignedByteGrayscaleBufferedImageSource.getUncachedBufferedImage(): getting frame 3 from contiguous byte allocated memory for all frames
[22:37:29.002] DEBUG - createByteGrayscaleImage
[22:37:29.002] DEBUG - BufferedImageSource.getBufferedImage(): getUncachedBufferedImage(3) returns 
[22:37:29.002] DEBUG - applyWindowCenterAndWidthLinear(): center=126.0 width=252.0
[22:37:29.002] DEBUG - applyWindowCenterAndWidthLinear(): useExactCalculationInsteadOfDICOMStandardMethod=false
[22:37:29.002] DEBUG - applyWindowCenterAndWidthLinear(): yrange=255.0
[22:37:29.002] DEBUG - applyWindowCenterAndWidthLinear(): cmp5=125.5
[22:37:29.002] DEBUG - applyWindowCenterAndWidthLinear(): wm1=251.0
[22:37:29.003] DEBUG - applyWindowCenterAndWidthLinear(): halfwm1=125.5
[22:37:29.003] DEBUG - applyWindowCenterAndWidthLinear(): bottom=0.0
[22:37:29.003] DEBUG - applyWindowCenterAndWidthLinear(): top=251.0
[22:37:29.003] DEBUG - applyWindowCenterAndWidthLinear(): bottom=0.0 top=251.0
[22:37:29.003] DEBUG - applyWindowCenterAndWidthLinear(): Data type 0
[22:37:29.003] DEBUG - applyWindowCenterAndWidthLinear(): Data type is byte and signed is false
[22:37:29.006] DEBUG - applyWindowCenterAndWidthLinear(): BufferedImage out of LookupOpBufferedImage@2c1b194a: type = 10 ColorModel: #pixelBits = 8 numComponents = 1 color space = java.awt.color.ICC_ColorSpace@e15b7e8 transparency = 1 has alpha = false isAlphaPre = false ByteInterleavedRaster: width = 256 height = 256 #numDataElements 1 dataOff[0] = 0
[22:37:29.006] DEBUG - getBufferedImage(): from bufferedImageSource - frame 4
[22:37:29.006] DEBUG - BufferedImageSource.getBufferedImage(): index=4
[22:37:29.006] DEBUG - BufferedImageSource.getBufferedImage(): cachedIndex=3
[22:37:29.006] DEBUG - UnsignedByteGrayscaleBufferedImageSource.getUncachedBufferedImage(): index=4
[22:37:29.006] DEBUG - UnsignedByteGrayscaleBufferedImageSource.getUncachedBufferedImage(): getting frame 4 from contiguous byte allocated memory for all frames
[22:37:29.007] DEBUG - createByteGrayscaleImage
[22:37:29.007] DEBUG - BufferedImageSource.getBufferedImage(): getUncachedBufferedImage(4) returns 
[22:37:29.007] DEBUG - applyWindowCenterAndWidthLinear(): center=126.0 width=252.0
[22:37:29.007] DEBUG - applyWindowCenterAndWidthLinear(): useExactCalculationInsteadOfDICOMStandardMethod=false
[22:37:29.008] DEBUG - applyWindowCenterAndWidthLinear(): yrange=255.0
[22:37:29.008] DEBUG - applyWindowCenterAndWidthLinear(): cmp5=125.5
[22:37:29.008] DEBUG - applyWindowCenterAndWidthLinear(): wm1=251.0
[22:37:29.008] DEBUG - applyWindowCenterAndWidthLinear(): halfwm1=125.5
[22:37:29.008] DEBUG - applyWindowCenterAndWidthLinear(): bottom=0.0
[22:37:29.009] DEBUG - applyWindowCenterAndWidthLinear(): top=251.0
[22:37:29.009] DEBUG - applyWindowCenterAndWidthLinear(): bottom=0.0 top=251.0
[22:37:29.010] DEBUG - applyWindowCenterAndWidthLinear(): Data type 0
[22:37:29.010] DEBUG - applyWindowCenterAndWidthLinear(): Data type is byte and signed is false
[22:37:29.012] DEBUG - applyWindowCenterAndWidthLinear(): BufferedImage out of LookupOpBufferedImage@4dbb42b7: type = 10 ColorModel: #pixelBits = 8 numComponents = 1 color space = java.awt.color.ICC_ColorSpace@e15b7e8 transparency = 1 has alpha = false isAlphaPre = false ByteInterleavedRaster: width = 256 height = 256 #numDataElements 1 dataOff[0] = 0
[22:37:29.012] DEBUG - getBufferedImage(): from bufferedImageSource - frame 5
[22:37:29.012] DEBUG - BufferedImageSource.getBufferedImage(): index=5
[22:37:29.012] DEBUG - BufferedImageSource.getBufferedImage(): cachedIndex=4
[22:37:29.012] DEBUG - UnsignedByteGrayscaleBufferedImageSource.getUncachedBufferedImage(): index=5
[22:37:29.012] DEBUG - UnsignedByteGrayscaleBufferedImageSource.getUncachedBufferedImage(): getting frame 5 from contiguous byte allocated memory for all frames
[22:37:29.013] DEBUG - createByteGrayscaleImage
[22:37:29.013] DEBUG - BufferedImageSource.getBufferedImage(): getUncachedBufferedImage(5) returns 
[22:37:29.013] DEBUG - applyWindowCenterAndWidthLinear(): center=126.0 width=252.0
[22:37:29.013] DEBUG - applyWindowCenterAndWidthLinear(): useExactCalculationInsteadOfDICOMStandardMethod=false
[22:37:29.014] DEBUG - applyWindowCenterAndWidthLinear(): yrange=255.0
[22:37:29.014] DEBUG - applyWindowCenterAndWidthLinear(): cmp5=125.5
[22:37:29.014] DEBUG - applyWindowCenterAndWidthLinear(): wm1=251.0
[22:37:29.014] DEBUG - applyWindowCenterAndWidthLinear(): halfwm1=125.5
[22:37:29.014] DEBUG - applyWindowCenterAndWidthLinear(): bottom=0.0
[22:37:29.014] DEBUG - applyWindowCenterAndWidthLinear(): top=251.0
[22:37:29.014] DEBUG - applyWindowCenterAndWidthLinear(): bottom=0.0 top=251.0
[22:37:29.014] DEBUG - applyWindowCenterAndWidthLinear(): Data type 0
[22:37:29.014] DEBUG - applyWindowCenterAndWidthLinear(): Data type is byte and signed is false
[22:37:29.016] DEBUG - applyWindowCenterAndWidthLinear(): BufferedImage out of LookupOpBufferedImage@66f57048: type = 10 ColorModel: #pixelBits = 8 numComponents = 1 color space = java.awt.color.ICC_ColorSpace@e15b7e8 transparency = 1 has alpha = false isAlphaPre = false ByteInterleavedRaster: width = 256 height = 256 #numDataElements 1 dataOff[0] = 0
[22:37:29.016] DEBUG - getBufferedImage(): from bufferedImageSource - frame 6
[22:37:29.016] DEBUG - BufferedImageSource.getBufferedImage(): index=6
[22:37:29.016] DEBUG - BufferedImageSource.getBufferedImage(): cachedIndex=5
[22:37:29.016] DEBUG - UnsignedByteGrayscaleBufferedImageSource.getUncachedBufferedImage(): index=6
[22:37:29.016] DEBUG - UnsignedByteGrayscaleBufferedImageSource.getUncachedBufferedImage(): getting frame 6 from contiguous byte allocated memory for all frames
[22:37:29.017] DEBUG - createByteGrayscaleImage
[22:37:29.017] DEBUG - BufferedImageSource.getBufferedImage(): getUncachedBufferedImage(6) returns 
[22:37:29.018] DEBUG - applyWindowCenterAndWidthLinear(): center=126.0 width=252.0
[22:37:29.018] DEBUG - applyWindowCenterAndWidthLinear(): useExactCalculationInsteadOfDICOMStandardMethod=false
[22:37:29.018] DEBUG - applyWindowCenterAndWidthLinear(): yrange=255.0
[22:37:29.018] DEBUG - applyWindowCenterAndWidthLinear(): cmp5=125.5
[22:37:29.018] DEBUG - applyWindowCenterAndWidthLinear(): wm1=251.0
[22:37:29.018] DEBUG - applyWindowCenterAndWidthLinear(): halfwm1=125.5
[22:37:29.018] DEBUG - applyWindowCenterAndWidthLinear(): bottom=0.0
[22:37:29.018] DEBUG - applyWindowCenterAndWidthLinear(): top=251.0
[22:37:29.018] DEBUG - applyWindowCenterAndWidthLinear(): bottom=0.0 top=251.0
[22:37:29.018] DEBUG - applyWindowCenterAndWidthLinear(): Data type 0
[22:37:29.018] DEBUG - applyWindowCenterAndWidthLinear(): Data type is byte and signed is false
[22:37:29.020] DEBUG - applyWindowCenterAndWidthLinear(): BufferedImage out of LookupOpBufferedImage@550dbc7a: type = 10 ColorModel: #pixelBits = 8 numComponents = 1 color space = java.awt.color.ICC_ColorSpace@e15b7e8 transparency = 1 has alpha = false isAlphaPre = false ByteInterleavedRaster: width = 256 height = 256 #numDataElements 1 dataOff[0] = 0
[22:37:29.020] DEBUG - getBufferedImage(): from bufferedImageSource - frame 7
[22:37:29.020] DEBUG - BufferedImageSource.getBufferedImage(): index=7
[22:37:29.020] DEBUG - BufferedImageSource.getBufferedImage(): cachedIndex=6
[22:37:29.020] DEBUG - UnsignedByteGrayscaleBufferedImageSource.getUncachedBufferedImage(): index=7
[22:37:29.020] DEBUG - UnsignedByteGrayscaleBufferedImageSource.getUncachedBufferedImage(): getting frame 7 from contiguous byte allocated memory for all frames
[22:37:29.021] DEBUG - createByteGrayscaleImage
[22:37:29.021] DEBUG - BufferedImageSource.getBufferedImage(): getUncachedBufferedImage(7) returns 
[22:37:29.021] DEBUG - applyWindowCenterAndWidthLinear(): center=126.0 width=252.0
[22:37:29.021] DEBUG - applyWindowCenterAndWidthLinear(): useExactCalculationInsteadOfDICOMStandardMethod=false
[22:37:29.021] DEBUG - applyWindowCenterAndWidthLinear(): yrange=255.0
[22:37:29.021] DEBUG - applyWindowCenterAndWidthLinear(): cmp5=125.5
[22:37:29.021] DEBUG - applyWindowCenterAndWidthLinear(): wm1=251.0
[22:37:29.021] DEBUG - applyWindowCenterAndWidthLinear(): halfwm1=125.5
[22:37:29.021] DEBUG - applyWindowCenterAndWidthLinear(): bottom=0.0
[22:37:29.021] DEBUG - applyWindowCenterAndWidthLinear(): top=251.0
[22:37:29.022] DEBUG - applyWindowCenterAndWidthLinear(): bottom=0.0 top=251.0
[22:37:29.022] DEBUG - applyWindowCenterAndWidthLinear(): Data type 0
[22:37:29.022] DEBUG - applyWindowCenterAndWidthLinear(): Data type is byte and signed is false
[22:37:29.023] DEBUG - applyWindowCenterAndWidthLinear(): BufferedImage out of LookupOpBufferedImage@21282ed8: type = 10 ColorModel: #pixelBits = 8 numComponents = 1 color space = java.awt.color.ICC_ColorSpace@e15b7e8 transparency = 1 has alpha = false isAlphaPre = false ByteInterleavedRaster: width = 256 height = 256 #numDataElements 1 dataOff[0] = 0
[22:37:29.024] DEBUG - getBufferedImage(): from bufferedImageSource - frame 8
[22:37:29.024] DEBUG - BufferedImageSource.getBufferedImage(): index=8
[22:37:29.024] DEBUG - BufferedImageSource.getBufferedImage(): cachedIndex=7
[22:37:29.024] DEBUG - UnsignedByteGrayscaleBufferedImageSource.getUncachedBufferedImage(): index=8
[22:37:29.024] DEBUG - UnsignedByteGrayscaleBufferedImageSource.getUncachedBufferedImage(): getting frame 8 from contiguous byte allocated memory for all frames
[22:37:29.025] DEBUG - createByteGrayscaleImage
[22:37:29.025] DEBUG - BufferedImageSource.getBufferedImage(): getUncachedBufferedImage(8) returns 
[22:37:29.025] DEBUG - applyWindowCenterAndWidthLinear(): center=126.0 width=252.0
[22:37:29.025] DEBUG - applyWindowCenterAndWidthLinear(): useExactCalculationInsteadOfDICOMStandardMethod=false
[22:37:29.025] DEBUG - applyWindowCenterAndWidthLinear(): yrange=255.0
[22:37:29.025] DEBUG - applyWindowCenterAndWidthLinear(): cmp5=125.5
[22:37:29.025] DEBUG - applyWindowCenterAndWidthLinear(): wm1=251.0
[22:37:29.025] DEBUG - applyWindowCenterAndWidthLinear(): halfwm1=125.5
[22:37:29.025] DEBUG - applyWindowCenterAndWidthLinear(): bottom=0.0
[22:37:29.025] DEBUG - applyWindowCenterAndWidthLinear(): top=251.0
[22:37:29.025] DEBUG - applyWindowCenterAndWidthLinear(): bottom=0.0 top=251.0
[22:37:29.025] DEBUG - applyWindowCenterAndWidthLinear(): Data type 0
[22:37:29.025] DEBUG - applyWindowCenterAndWidthLinear(): Data type is byte and signed is false
[22:37:29.028] DEBUG - applyWindowCenterAndWidthLinear(): BufferedImage out of LookupOpBufferedImage@36916eb0: type = 10 ColorModel: #pixelBits = 8 numComponents = 1 color space = java.awt.color.ICC_ColorSpace@e15b7e8 transparency = 1 has alpha = false isAlphaPre = false ByteInterleavedRaster: width = 256 height = 256 #numDataElements 1 dataOff[0] = 0
[22:37:29.028] DEBUG - getBufferedImage(): from bufferedImageSource - frame 9
[22:37:29.028] DEBUG - BufferedImageSource.getBufferedImage(): index=9
[22:37:29.028] DEBUG - BufferedImageSource.getBufferedImage(): cachedIndex=8
[22:37:29.028] DEBUG - UnsignedByteGrayscaleBufferedImageSource.getUncachedBufferedImage(): index=9
[22:37:29.028] DEBUG - UnsignedByteGrayscaleBufferedImageSource.getUncachedBufferedImage(): getting frame 9 from contiguous byte allocated memory for all frames
[22:37:29.029] DEBUG - createByteGrayscaleImage
[22:37:29.029] DEBUG - BufferedImageSource.getBufferedImage(): getUncachedBufferedImage(9) returns 
[22:37:29.029] DEBUG - applyWindowCenterAndWidthLinear(): center=126.0 width=252.0
[22:37:29.029] DEBUG - applyWindowCenterAndWidthLinear(): useExactCalculationInsteadOfDICOMStandardMethod=false
[22:37:29.029] DEBUG - applyWindowCenterAndWidthLinear(): yrange=255.0
[22:37:29.030] DEBUG - applyWindowCenterAndWidthLinear(): cmp5=125.5
[22:37:29.030] DEBUG - applyWindowCenterAndWidthLinear(): wm1=251.0
[22:37:29.030] DEBUG - applyWindowCenterAndWidthLinear(): halfwm1=125.5
[22:37:29.030] DEBUG - applyWindowCenterAndWidthLinear(): bottom=0.0
[22:37:29.031] DEBUG - applyWindowCenterAndWidthLinear(): top=251.0
[22:37:29.031] DEBUG - applyWindowCenterAndWidthLinear(): bottom=0.0 top=251.0
[22:37:29.031] DEBUG - applyWindowCenterAndWidthLinear(): Data type 0
[22:37:29.031] DEBUG - applyWindowCenterAndWidthLinear(): Data type is byte and signed is false
[22:37:29.034] DEBUG - applyWindowCenterAndWidthLinear(): BufferedImage out of LookupOpBufferedImage@7bab3f1a: type = 10 ColorModel: #pixelBits = 8 numComponents = 1 color space = java.awt.color.ICC_ColorSpace@e15b7e8 transparency = 1 has alpha = false isAlphaPre = false ByteInterleavedRaster: width = 256 height = 256 #numDataElements 1 dataOff[0] = 0
[22:37:29.035] DEBUG - getBufferedImage(): from bufferedImageSource - frame 10
[22:37:29.035] DEBUG - BufferedImageSource.getBufferedImage(): index=10
[22:37:29.035] DEBUG - BufferedImageSource.getBufferedImage(): cachedIndex=9
[22:37:29.035] DEBUG - UnsignedByteGrayscaleBufferedImageSource.getUncachedBufferedImage(): index=10
[22:37:29.035] DEBUG - UnsignedByteGrayscaleBufferedImageSource.getUncachedBufferedImage(): getting frame 10 from contiguous byte allocated memory for all frames
[22:37:29.036] DEBUG - createByteGrayscaleImage
[22:37:29.036] DEBUG - BufferedImageSource.getBufferedImage(): getUncachedBufferedImage(10) returns 
[22:37:29.036] DEBUG - applyWindowCenterAndWidthLinear(): center=126.0 width=252.0
[22:37:29.036] DEBUG - applyWindowCenterAndWidthLinear(): useExactCalculationInsteadOfDICOMStandardMethod=false
[22:37:29.036] DEBUG - applyWindowCenterAndWidthLinear(): yrange=255.0
[22:37:29.036] DEBUG - applyWindowCenterAndWidthLinear(): cmp5=125.5
[22:37:29.036] DEBUG - applyWindowCenterAndWidthLinear(): wm1=251.0
[22:37:29.037] DEBUG - applyWindowCenterAndWidthLinear(): halfwm1=125.5
[22:37:29.037] DEBUG - applyWindowCenterAndWidthLinear(): bottom=0.0
[22:37:29.037] DEBUG - applyWindowCenterAndWidthLinear(): top=251.0
[22:37:29.037] DEBUG - applyWindowCenterAndWidthLinear(): bottom=0.0 top=251.0
[22:37:29.037] DEBUG - applyWindowCenterAndWidthLinear(): Data type 0
[22:37:29.037] DEBUG - applyWindowCenterAndWidthLinear(): Data type is byte and signed is false
[22:37:29.041] DEBUG - applyWindowCenterAndWidthLinear(): BufferedImage out of LookupOpBufferedImage@437da279: type = 10 ColorModel: #pixelBits = 8 numComponents = 1 color space = java.awt.color.ICC_ColorSpace@e15b7e8 transparency = 1 has alpha = false isAlphaPre = false ByteInterleavedRaster: width = 256 height = 256 #numDataElements 1 dataOff[0] = 0
[22:37:29.041] DEBUG - getBufferedImage(): from bufferedImageSource - frame 11
[22:37:29.041] DEBUG - BufferedImageSource.getBufferedImage(): index=11
[22:37:29.041] DEBUG - BufferedImageSource.getBufferedImage(): cachedIndex=10
[22:37:29.042] DEBUG - UnsignedByteGrayscaleBufferedImageSource.getUncachedBufferedImage(): index=11
[22:37:29.042] DEBUG - UnsignedByteGrayscaleBufferedImageSource.getUncachedBufferedImage(): getting frame 11 from contiguous byte allocated memory for all frames
[22:37:29.043] DEBUG - createByteGrayscaleImage
[22:37:29.043] DEBUG - BufferedImageSource.getBufferedImage(): getUncachedBufferedImage(11) returns 
[22:37:29.043] DEBUG - applyWindowCenterAndWidthLinear(): center=126.0 width=252.0
[22:37:29.043] DEBUG - applyWindowCenterAndWidthLinear(): useExactCalculationInsteadOfDICOMStandardMethod=false
[22:37:29.043] DEBUG - applyWindowCenterAndWidthLinear(): yrange=255.0
[22:37:29.043] DEBUG - applyWindowCenterAndWidthLinear(): cmp5=125.5
[22:37:29.043] DEBUG - applyWindowCenterAndWidthLinear(): wm1=251.0
[22:37:29.043] DEBUG - applyWindowCenterAndWidthLinear(): halfwm1=125.5
[22:37:29.043] DEBUG - applyWindowCenterAndWidthLinear(): bottom=0.0
[22:37:29.043] DEBUG - applyWindowCenterAndWidthLinear(): top=251.0
[22:37:29.043] DEBUG - applyWindowCenterAndWidthLinear(): bottom=0.0 top=251.0
[22:37:29.043] DEBUG - applyWindowCenterAndWidthLinear(): Data type 0
[22:37:29.043] DEBUG - applyWindowCenterAndWidthLinear(): Data type is byte and signed is false
[22:37:29.045] DEBUG - applyWindowCenterAndWidthLinear(): BufferedImage out of LookupOpBufferedImage@23c30a20: type = 10 ColorModel: #pixelBits = 8 numComponents = 1 color space = java.awt.color.ICC_ColorSpace@e15b7e8 transparency = 1 has alpha = false isAlphaPre = false ByteInterleavedRaster: width = 256 height = 256 #numDataElements 1 dataOff[0] = 0
[22:37:29.045] DEBUG - getBufferedImage(): from bufferedImageSource - frame 12
[22:37:29.045] DEBUG - BufferedImageSource.getBufferedImage(): index=12
[22:37:29.045] DEBUG - BufferedImageSource.getBufferedImage(): cachedIndex=11
[22:37:29.045] DEBUG - UnsignedByteGrayscaleBufferedImageSource.getUncachedBufferedImage(): index=12
[22:37:29.045] DEBUG - UnsignedByteGrayscaleBufferedImageSource.getUncachedBufferedImage(): getting frame 12 from contiguous byte allocated memory for all frames
[22:37:29.046] DEBUG - createByteGrayscaleImage
[22:37:29.047] DEBUG - BufferedImageSource.getBufferedImage(): getUncachedBufferedImage(12) returns 
[22:37:29.047] DEBUG - applyWindowCenterAndWidthLinear(): center=126.0 width=252.0
[22:37:29.047] DEBUG - applyWindowCenterAndWidthLinear(): useExactCalculationInsteadOfDICOMStandardMethod=false
[22:37:29.047] DEBUG - applyWindowCenterAndWidthLinear(): yrange=255.0
[22:37:29.047] DEBUG - applyWindowCenterAndWidthLinear(): cmp5=125.5
[22:37:29.047] DEBUG - applyWindowCenterAndWidthLinear(): wm1=251.0
[22:37:29.047] DEBUG - applyWindowCenterAndWidthLinear(): halfwm1=125.5
[22:37:29.047] DEBUG - applyWindowCenterAndWidthLinear(): bottom=0.0
[22:37:29.047] DEBUG - applyWindowCenterAndWidthLinear(): top=251.0
[22:37:29.047] DEBUG - applyWindowCenterAndWidthLinear(): bottom=0.0 top=251.0
[22:37:29.047] DEBUG - applyWindowCenterAndWidthLinear(): Data type 0
[22:37:29.047] DEBUG - applyWindowCenterAndWidthLinear(): Data type is byte and signed is false
[22:37:29.048] DEBUG - applyWindowCenterAndWidthLinear(): BufferedImage out of LookupOpBufferedImage@1e1a0406: type = 10 ColorModel: #pixelBits = 8 numComponents = 1 color space = java.awt.color.ICC_ColorSpace@e15b7e8 transparency = 1 has alpha = false isAlphaPre = false ByteInterleavedRaster: width = 256 height = 256 #numDataElements 1 dataOff[0] = 0
[22:37:29.048] DEBUG - getBufferedImage(): from bufferedImageSource - frame 13
[22:37:29.048] DEBUG - BufferedImageSource.getBufferedImage(): index=13
[22:37:29.048] DEBUG - BufferedImageSource.getBufferedImage(): cachedIndex=12
[22:37:29.048] DEBUG - UnsignedByteGrayscaleBufferedImageSource.getUncachedBufferedImage(): index=13
[22:37:29.049] DEBUG - UnsignedByteGrayscaleBufferedImageSource.getUncachedBufferedImage(): getting frame 13 from contiguous byte allocated memory for all frames
[22:37:29.049] DEBUG - createByteGrayscaleImage
[22:37:29.049] DEBUG - BufferedImageSource.getBufferedImage(): getUncachedBufferedImage(13) returns 
[22:37:29.049] DEBUG - applyWindowCenterAndWidthLinear(): center=126.0 width=252.0
[22:37:29.050] DEBUG - applyWindowCenterAndWidthLinear(): useExactCalculationInsteadOfDICOMStandardMethod=false
[22:37:29.050] DEBUG - applyWindowCenterAndWidthLinear(): yrange=255.0
[22:37:29.050] DEBUG - applyWindowCenterAndWidthLinear(): cmp5=125.5
[22:37:29.050] DEBUG - applyWindowCenterAndWidthLinear(): wm1=251.0
[22:37:29.050] DEBUG - applyWindowCenterAndWidthLinear(): halfwm1=125.5
[22:37:29.050] DEBUG - applyWindowCenterAndWidthLinear(): bottom=0.0
[22:37:29.050] DEBUG - applyWindowCenterAndWidthLinear(): top=251.0
[22:37:29.050] DEBUG - applyWindowCenterAndWidthLinear(): bottom=0.0 top=251.0
[22:37:29.050] DEBUG - applyWindowCenterAndWidthLinear(): Data type 0
[22:37:29.050] DEBUG - applyWindowCenterAndWidthLinear(): Data type is byte and signed is false
[22:37:29.051] DEBUG - applyWindowCenterAndWidthLinear(): BufferedImage out of LookupOpBufferedImage@3cebbb30: type = 10 ColorModel: #pixelBits = 8 numComponents = 1 color space = java.awt.color.ICC_ColorSpace@e15b7e8 transparency = 1 has alpha = false isAlphaPre = false ByteInterleavedRaster: width = 256 height = 256 #numDataElements 1 dataOff[0] = 0
[22:37:29.051] DEBUG - getBufferedImage(): from bufferedImageSource - frame 14
[22:37:29.051] DEBUG - BufferedImageSource.getBufferedImage(): index=14
[22:37:29.051] DEBUG - BufferedImageSource.getBufferedImage(): cachedIndex=13
[22:37:29.051] DEBUG - UnsignedByteGrayscaleBufferedImageSource.getUncachedBufferedImage(): index=14
[22:37:29.051] DEBUG - UnsignedByteGrayscaleBufferedImageSource.getUncachedBufferedImage(): getting frame 14 from contiguous byte allocated memory for all frames
[22:37:29.052] DEBUG - createByteGrayscaleImage
[22:37:29.052] DEBUG - BufferedImageSource.getBufferedImage(): getUncachedBufferedImage(14) returns 
[22:37:29.052] DEBUG - applyWindowCenterAndWidthLinear(): center=126.0 width=252.0
[22:37:29.052] DEBUG - applyWindowCenterAndWidthLinear(): useExactCalculationInsteadOfDICOMStandardMethod=false
[22:37:29.052] DEBUG - applyWindowCenterAndWidthLinear(): yrange=255.0
[22:37:29.052] DEBUG - applyWindowCenterAndWidthLinear(): cmp5=125.5
[22:37:29.052] DEBUG - applyWindowCenterAndWidthLinear(): wm1=251.0
[22:37:29.052] DEBUG - applyWindowCenterAndWidthLinear(): halfwm1=125.5
[22:37:29.052] DEBUG - applyWindowCenterAndWidthLinear(): bottom=0.0
[22:37:29.052] DEBUG - applyWindowCenterAndWidthLinear(): top=251.0
[22:37:29.052] DEBUG - applyWindowCenterAndWidthLinear(): bottom=0.0 top=251.0
[22:37:29.052] DEBUG - applyWindowCenterAndWidthLinear(): Data type 0
[22:37:29.052] DEBUG - applyWindowCenterAndWidthLinear(): Data type is byte and signed is false
[22:37:29.053] DEBUG - applyWindowCenterAndWidthLinear(): BufferedImage out of LookupOpBufferedImage@12aba8be: type = 10 ColorModel: #pixelBits = 8 numComponents = 1 color space = java.awt.color.ICC_ColorSpace@e15b7e8 transparency = 1 has alpha = false isAlphaPre = false ByteInterleavedRaster: width = 256 height = 256 #numDataElements 1 dataOff[0] = 0
[22:37:29.053] DEBUG - getBufferedImage(): from bufferedImageSource - frame 15
[22:37:29.054] DEBUG - BufferedImageSource.getBufferedImage(): index=15
[22:37:29.054] DEBUG - BufferedImageSource.getBufferedImage(): cachedIndex=14
[22:37:29.054] DEBUG - UnsignedByteGrayscaleBufferedImageSource.getUncachedBufferedImage(): index=15
[22:37:29.054] DEBUG - UnsignedByteGrayscaleBufferedImageSource.getUncachedBufferedImage(): getting frame 15 from contiguous byte allocated memory for all frames
[22:37:29.054] DEBUG - createByteGrayscaleImage
[22:37:29.054] DEBUG - BufferedImageSource.getBufferedImage(): getUncachedBufferedImage(15) returns 
[22:37:29.054] DEBUG - applyWindowCenterAndWidthLinear(): center=126.0 width=252.0
[22:37:29.054] DEBUG - applyWindowCenterAndWidthLinear(): useExactCalculationInsteadOfDICOMStandardMethod=false
[22:37:29.054] DEBUG - applyWindowCenterAndWidthLinear(): yrange=255.0
[22:37:29.054] DEBUG - applyWindowCenterAndWidthLinear(): cmp5=125.5
[22:37:29.054] DEBUG - applyWindowCenterAndWidthLinear(): wm1=251.0
[22:37:29.054] DEBUG - applyWindowCenterAndWidthLinear(): halfwm1=125.5
[22:37:29.054] DEBUG - applyWindowCenterAndWidthLinear(): bottom=0.0
[22:37:29.054] DEBUG - applyWindowCenterAndWidthLinear(): top=251.0
[22:37:29.055] DEBUG - applyWindowCenterAndWidthLinear(): bottom=0.0 top=251.0
[22:37:29.055] DEBUG - applyWindowCenterAndWidthLinear(): Data type 0
[22:37:29.055] DEBUG - applyWindowCenterAndWidthLinear(): Data type is byte and signed is false
[22:37:29.056] DEBUG - applyWindowCenterAndWidthLinear(): BufferedImage out of LookupOpBufferedImage@290222c1: type = 10 ColorModel: #pixelBits = 8 numComponents = 1 color space = java.awt.color.ICC_ColorSpace@e15b7e8 transparency = 1 has alpha = false isAlphaPre = false ByteInterleavedRaster: width = 256 height = 256 #numDataElements 1 dataOff[0] = 0
[23:12:28.038] INFO  - found 5 resource directories, enumerating through
[23:12:28.041] INFO  - searching for mcfg file in core
[23:12:28.052] INFO  - No config file found in core, skipping loading
[23:12:28.052] INFO  - searching for mcfg file in playground
[23:12:28.052] INFO  - No config file found in playground, skipping loading
[23:12:28.053] INFO  - searching for mcfg file in features
[23:12:28.053] INFO  - No config file found in features, skipping loading
[23:12:28.053] INFO  - searching for mcfg file in META-INF
[23:12:28.053] INFO  - No config file found in META-INF, skipping loading
[23:12:28.053] INFO  - searching for mcfg file in modules
[23:12:28.053] INFO  - No config file found in modules, skipping loading
[23:12:28.056] ERROR - ERROR: java.lang.IllegalStateException: javaClass.getResource("/reports") must not be null
[21:57:08.104] INFO  - found 5 resource directories, enumerating through
[21:57:08.110] INFO  - searching for mcfg file in core
[21:57:08.144] INFO  - No config file found in core, skipping loading
[21:57:08.144] INFO  - searching for mcfg file in playground
[21:57:08.145] INFO  - No config file found in playground, skipping loading
[21:57:08.145] INFO  - searching for mcfg file in features
[21:57:08.146] INFO  - No config file found in features, skipping loading
[21:57:08.146] INFO  - searching for mcfg file in META-INF
[21:57:08.146] INFO  - No config file found in META-INF, skipping loading
[21:57:08.147] INFO  - searching for mcfg file in modules
[21:57:08.148] INFO  - No config file found in modules, skipping loading
[21:57:08.160] ERROR - ERROR: java.lang.IllegalStateException: javaClass.getResource("/reports") must not be null
